[08:47:53.470] [INFO] storybook v10.1.11
[08:47:54.382] [ERROR] [38;2;241;97;97mSB_CORE-SERVER_0007 (MainFileEvaluationError): Storybook couldn't evaluate your [33m.storybook/main.ts[39m file.

Original error:
[37mError: The service was stopped
    at /node_modules/esbuild/lib/main.js:718:38
    at responseCallbacks.<computed> (/node_modules/esbuild/lib/main.js:603:9)
    at Socket.afterClose (/node_modules/esbuild/lib/main.js:594:28)
    at Socket.emit (node:events:530:35)
    at endReadableNT (node:internal/streams/readable:1698:12)
    at process.processTicksAndRejections (node:internal/process/task_queues:90:21)[39m[39m
    at loadMainConfig (file://./node_modules/storybook/dist/_node-chunks/chunk-Q4DOC7HF.js:11701:11)
    at async buildDevStandalone (file://./node_modules/storybook/dist/core-server/index.js:7149:16)
    at async withTelemetry (file://./node_modules/storybook/dist/_node-chunks/chunk-2372JZ52.js:209:12)
    at async dev (file://./node_modules/storybook/dist/bin/core.js:2734:3)
    at async _Command.<anonymous> (file://./node_modules/storybook/dist/bin/core.js:2801:92)
[08:47:54.385] [WARN] Broken build, fix the error above.
You may need to refresh the browser.
[08:47:54.389] [WARN]   Failed to load preset: "/Users/admin/storybook-learning/taskbox/.storybook/main.ts"
[08:47:54.389] [ERROR] [38;2;241;97;97mError: The service was stopped[39m
    at ./node_modules/esbuild/lib/main.js:718:38
    at responseCallbacks.<computed> (./node_modules/esbuild/lib/main.js:603:9)
    at Socket.afterClose (./node_modules/esbuild/lib/main.js:594:28)
    at Socket.emit (node:events:530:35)
    at endReadableNT (node:internal/streams/readable:1698:12)
    at process.processTicksAndRejections (node:internal/process/task_queues:90:21)
[08:48:03.872] [PROMPT] Would you like to send anonymous crash reports to improve Storybook and fix bugs faster? {"choice":true}
[08:48:03.874] [INFO] Storybook collects completely anonymous usage telemetry. We use it to shape Storybook's roadmap and prioritize features. You can learn more, including how to opt out, at https://storybook.js.org/telemetry